[2020-03-02T14:53:28.757284+01:00] firstChannel.WARNING: Foo [] []
[2020-03-02T14:53:28.757602+01:00] firstChannel.ERROR: Bar [] []
[2020-03-02T14:53:32.694947+01:00] firstChannel.WARNING: Foo [] []
[2020-03-02T14:53:32.695471+01:00] firstChannel.ERROR: Bar [] []
[2020-03-02T14:54:56.839371+01:00] firstChannel.INFO: Foo [] []
[2020-03-02T14:55:00.221235+01:00] firstChannel.INFO: Foo [] []
[2020-03-02T15:00:07.719011+01:00] firstChannel.INFO: Foo [] []
[2020-03-02T15:00:10.287207+01:00] firstChannel.INFO: Foo [] []
[2020-03-02T15:00:12.663540+01:00] firstChannel.INFO: Foo [] []
[2020-03-02T15:00:26.830359+01:00] firstChannel.INFO: Foo [] []
[2020-03-02T15:08:26.104196+01:00] firstChannel.INFO: INFO (200): Interesting events. Examples: User logs in, SQL logs. [] []
[2020-03-02T15:08:29.347272+01:00] firstChannel.INFO: INFO (200): Interesting events. Examples: User logs in, SQL logs. [] []
[2020-03-02T15:40:19.056373+01:00] firstChannel.INFO:  [] []
[2020-03-02T15:40:22.249756+01:00] firstChannel.INFO: Erick [] []
[2020-03-02T15:42:33.792883+01:00] firstChannel.INFO: HI [] []
[2020-03-02T16:12:46.582442+01:00] firstChannel.INFO: Yallah [] []
[2020-03-02T16:16:31.291383+01:00] firstChannel.INFO: Yallah [] []
[2020-03-02T16:23:14.360673+01:00] firstChannel.INFO: j [] []
[2020-03-02T16:28:17.601636+01:00] firstChannel.DEBUG: Hi [] []
[2020-03-02T16:28:25.427137+01:00] firstChannel.INFO: It's weirddddd [] []
[2020-03-02T16:35:37.812410+01:00] firstChannel.INFO: Emma [] []
[2020-03-02T16:39:35.273784+01:00] firstChannel.INFO: Sicco [] []
[2020-03-02T16:42:32.676925+01:00] firstChannel.INFO: Don't pay [] []
[2020-03-02T16:44:14.973821+01:00] firstChannel.INFO: I am doing something useful [] []
[2020-03-02T16:46:13.483878+01:00] firstChannel.INFO: I am doing something useful [] []
[2020-03-02T16:46:16.242158+01:00] firstChannel.NOTICE: Flag [] []
[2020-03-02T16:46:36.399608+01:00] firstChannel.INFO: Just [] []
[2020-03-02T16:46:40.907431+01:00] firstChannel.NOTICE: Just another [] []
[2020-03-02T16:47:17.596113+01:00] firstChannel.DEBUG: Trying iets [] []
[2020-03-02T16:47:24.193251+01:00] firstChannel.INFO: Trying iets anders [] []
[2020-03-02T16:47:29.359062+01:00] firstChannel.NOTICE: Trying iets anderssss [] []
